"Start of log file."
"C:/Vanish/GALAXY~1/src/GALAXY~1/Assets/world/world.max"
"Starting max loading and fbx conversion"
window = undefined
"Settings units"
"Before fbx export"
"After fbx export"
"Finished max loading and fbx conversion"
"C:/Vanish/GALAXY~1/src/GALAXY~1/Assets/world/world.max"
"Starting max loading and fbx conversion"
window = undefined
"Settings units"
"Before fbx export"
"After fbx export"
"Finished max loading and fbx conversion"
"C:/Vanish/GALAXY~1/src/GALAXY~1/Assets/world/world.max"
"Starting max loading and fbx conversion"
window = undefined
"Settings units"
"Before fbx export"
"After fbx export"
"Finished max loading and fbx conversion"
"C:/Vanish/GALAXY~1/src/GALAXY~1/Assets/world/world.max"
"Starting max loading and fbx conversion"
window = undefined
"Settings units"
"Before fbx export"
"After fbx export"
"Finished max loading and fbx conversion"
"C:/Vanish/GALAXY~1/src/GALAXY~1/Assets/world/world.max"
"Starting max loading and fbx conversion"
window = undefined
"Settings units"
"Before fbx export"
"After fbx export"
"Finished max loading and fbx conversion"
"C:/Vanish/GALAXY~1/src/GALAXY~1/Assets/world/world.max"
"Starting max loading and fbx conversion"
window = undefined
"Settings units"
"Before fbx export"
"After fbx export"
"Finished max loading and fbx conversion"
"C:/Vanish/GALAXY~1/src/GALAXY~1/Assets/world/world.max"
"Starting max loading and fbx conversion"
window = undefined
"Settings units"
"Before fbx export"
"After fbx export"
"Finished max loading and fbx conversion"
"C:/Vanish/GALAXY~1/src/GALAXY~1/Assets/world/world.max"
"Starting max loading and fbx conversion"
window = undefined
"Settings units"
"Before fbx export"
"After fbx export"
"Finished max loading and fbx conversion"
